<?xml version="1.0" encoding="UTF-8"?>
<testng-results ignored="0" total="1" passed="1" failed="0" skipped="0">
  <reporter-output>
  </reporter-output>
  <suite started-at="2021-05-28T14:45:12 IST" name="ListUsersTest" finished-at="2021-05-28T14:45:15 IST" duration-ms="3367">
    <groups>
    </groups>
    <test started-at="2021-05-28T14:45:12 IST" name="Command line test" finished-at="2021-05-28T14:45:15 IST" duration-ms="3367">
      <class name="ListUsersTest">
        <test-method signature="getUsers()[pri:0, instance:ListUsersTest@13c27452]" started-at="2021-05-28T14:45:12 IST" name="getUsers" finished-at="2021-05-28T14:45:15 IST" duration-ms="3340" status="PASS">
          <reporter-output>
          </reporter-output>
        </test-method> <!-- getUsers -->
      </class> <!-- ListUsersTest -->
    </test> <!-- Command line test -->
  </suite> <!-- ListUsersTest -->
</testng-results>
